<?xml version="1.0" encoding="UTF-8"?>
<!-- Generated by org.testng.reporters.JUnitReportReporter -->
<testsuite name="testngprac.A" tests="1" time="0.041" ignored="0" failures="0" timestamp="12 Feb 2017 06:37:12 GMT" skipped="0" hostname="Himanshu-XPS" errors="0">
  <testcase name="test" time="0.041" classname="testngprac.A"/>
</testsuite> <!-- testngprac.A -->
